2018-01-09 22:10:07,207 INFO  [main] Start
2018-01-09 22:10:07,873 INFO  [JavaFX Application Thread] Properties{
DELAY_AFTER_START : 30
APP_XML_FILE : D:\tempJava\TempXLS.xml
GOOGLE_PROJECT_NAME : Synchron
GOOGLE_PROJECT_JSON : P:\Java\FX\SynchrOn\target\jfx\app\client_secret.json
REPEAT_PERIOD : 30
USER_NAME : 
}
2018-01-09 22:10:07,906 INFO  [JavaFX Application Thread] Expiry date: '01/09/2017'
2018-01-09 22:10:21,110 INFO  [JavaFX Application Thread] Open file: 'D:\tempJava\TempXLS.xml'
2018-01-09 22:10:51,131 INFO  [JavaFX Application Thread] Sync start Tue Jan 09 22:10:51 EET 2018 :
2018-01-09 22:10:51,134 INFO  [JavaFX Application Thread] Sync with: 
GoogleAPIProject{userName='', projectName='Synchron', pathToJson='P:\Java\FX\SynchrOn\target\jfx\app\client_secret.json'}
2018-01-09 22:10:54,000 INFO  [JavaFX Application Thread] Sync GoogleDoc{name=StringProperty [value: Employee], exportDir=StringProperty [value: D:\tempJava], status=StringProperty [value: On], exportType=StringProperty [value: CSV], period=IntegerProperty [value: 5], nextSyncDate=ObjectProperty [value: 2018-01-09T21:14], lastSyncDate=ObjectProperty [value: 2018-01-09T22:10:53.997], exportResult=StringProperty [value: SUCCESS], docId=StringProperty [value: 1QgSCimAbg90mW4YJqAhr1ms0CAT1wI3pZqHPoiBqUDQ]} success
2018-01-09 22:10:54,000 INFO  [JavaFX Application Thread] Sync with: 
GoogleAPIProject{userName='', projectName='Synchron', pathToJson='P:\Java\FX\SynchrOn\target\jfx\app\client_secret.json'}
2018-01-09 22:10:54,754 ERROR  [JavaFX Application Thread] Error on  sync GoogleDoc{name=StringProperty [value: 3], exportDir=StringProperty [value: X:\], status=StringProperty [value: On], exportType=StringProperty [value: XLSX], period=IntegerProperty [value: 2], nextSyncDate=ObjectProperty [value: 2018-01-09T22:12:08], lastSyncDate=ObjectProperty [value: 2018-01-09T22:10:54.753], exportResult=StringProperty [value: FAIL], docId=StringProperty [value: 1QgSCimAbg90mW4YJqAhr1ms0CAT1wI3pZqHPoiBqUDQ]} with message: java.io.FileNotFoundException: X:\3.xlsx (Системе не удается найти указанный путь)
2018-01-09 22:11:21,113 INFO  [JavaFX Application Thread] Sync start Tue Jan 09 22:11:21 EET 2018 :
2018-01-09 22:11:21,114 INFO  [JavaFX Application Thread] Sync with: 
GoogleAPIProject{userName='', projectName='Synchron', pathToJson='P:\Java\FX\SynchrOn\target\jfx\app\client_secret.json'}
2018-01-09 22:11:22,216 INFO  [JavaFX Application Thread] Sync GoogleDoc{name=StringProperty [value: Employee], exportDir=StringProperty [value: D:\tempJava], status=StringProperty [value: On], exportType=StringProperty [value: CSV], period=IntegerProperty [value: 5], nextSyncDate=ObjectProperty [value: 2018-01-09T22:14], lastSyncDate=ObjectProperty [value: 2018-01-09T22:11:22.214], exportResult=StringProperty [value: SUCCESS], docId=StringProperty [value: 1QgSCimAbg90mW4YJqAhr1ms0CAT1wI3pZqHPoiBqUDQ]} success
2018-01-09 22:11:34,711 INFO  [JavaFX Application Thread] Sync with: 
GoogleAPIProject{userName='', projectName='Synchron', pathToJson='P:\Java\FX\SynchrOn\target\jfx\app\client_secret.json'}
2018-01-09 22:11:36,094 INFO  [JavaFX Application Thread] Sync GoogleDoc{name=StringProperty [value: Google test], exportDir=StringProperty [value: D:\], status=StringProperty [value: On], exportType=StringProperty [value: XLSX], period=IntegerProperty [value: 1], nextSyncDate=ObjectProperty [value: 2018-01-09T22:13:28], lastSyncDate=ObjectProperty [value: 2018-01-09T22:11:36.094], exportResult=StringProperty [value: SUCCESS], docId=StringProperty [value: 1BxiMVs0XRA5nFMdKvBdBZjgmUUqptlbs74OgvE2upms]} success
2018-01-09 22:13:41,946 INFO  [main] Close
2018-01-09 22:26:16,838 INFO  [main] Start
2018-01-09 22:26:17,303 INFO  [JavaFX Application Thread] Properties{
DELAY_AFTER_START : 30
APP_XML_FILE : D:\tempJava\TempXLS.xml
GOOGLE_PROJECT_NAME : Synchron
GOOGLE_PROJECT_JSON : P:\Java\FX\SynchrOn\target\jfx\app\client_secret.json
REPEAT_PERIOD : 30
USER_NAME : 
}
2018-01-09 22:26:17,331 INFO  [JavaFX Application Thread] Expiry date: '01/09/2017'
2018-01-09 22:26:20,999 INFO  [main] Close
2018-01-09 22:26:27,209 INFO  [main] Start
2018-01-09 22:26:27,470 INFO  [JavaFX Application Thread] Properties{
DELAY_AFTER_START : 30
APP_XML_FILE : D:\tempJava\TempXLS.xml
GOOGLE_PROJECT_NAME : Synchron
GOOGLE_PROJECT_JSON : P:\Java\FX\SynchrOn\target\jfx\app\client_secret.json
REPEAT_PERIOD : 30
USER_NAME : 
}
2018-01-09 22:26:27,502 INFO  [JavaFX Application Thread] Expiry date: '01/09/2017'
2018-01-09 22:26:30,670 INFO  [JavaFX Application Thread] Open file: 'D:\tempJava\TempXLS.xml'
2018-01-09 22:27:00,678 INFO  [JavaFX Application Thread] Sync start Tue Jan 09 22:27:00 EET 2018 :
2018-01-09 22:27:00,679 INFO  [JavaFX Application Thread] Sync with: 
GoogleAPIProject{userName='', projectName='Synchron', pathToJson='P:\Java\FX\SynchrOn\target\jfx\app\client_secret.json'}
2018-01-09 22:27:02,661 INFO  [JavaFX Application Thread] Sync GoogleDoc{name=StringProperty [value: Employee], exportDir=StringProperty [value: D:\tempJava], status=StringProperty [value: On], exportType=StringProperty [value: CSV], period=IntegerProperty [value: 5], nextSyncDate=ObjectProperty [value: 2018-01-09T21:29], lastSyncDate=ObjectProperty [value: 2018-01-09T22:27:02.659], exportResult=StringProperty [value: SUCCESS], docId=StringProperty [value: 1QgSCimAbg90mW4YJqAhr1ms0CAT1wI3pZqHPoiBqUDQ]} success
2018-01-09 22:27:02,662 INFO  [JavaFX Application Thread] Sync with: 
GoogleAPIProject{userName='', projectName='Synchron', pathToJson='P:\Java\FX\SynchrOn\target\jfx\app\client_secret.json'}
2018-01-09 22:27:03,011 ERROR  [JavaFX Application Thread] Error on  sync GoogleDoc{name=StringProperty [value: 3], exportDir=StringProperty [value: X:\], status=StringProperty [value: On], exportType=StringProperty [value: CSV], period=IntegerProperty [value: 2], nextSyncDate=ObjectProperty [value: 2018-01-09T22:28:08], lastSyncDate=ObjectProperty [value: 2018-01-09T22:27:03.010], exportResult=StringProperty [value: FAIL], docId=StringProperty [value: 1QgSCimAbg90mW4YJqAhr1ms0CAT1wI3pZqHPoiBqUDQ]} with message: java.io.FileNotFoundException: X:\3_Form Responses 1.csv (Системе не удается найти указанный путь)
2018-01-09 22:27:05,887 INFO  [main] Close
2018-01-09 22:42:45,779 INFO  [main] Start
2018-01-09 22:42:46,112 INFO  [JavaFX Application Thread] Properties{
DELAY_AFTER_START : 30
APP_XML_FILE : D:\tempJava\TempXLS.xml
GOOGLE_PROJECT_NAME : Synchron
GOOGLE_PROJECT_JSON : P:\Java\FX\SynchrOn\target\jfx\app\client_secret.json
REPEAT_PERIOD : 30
USER_NAME : 
}
2018-01-09 22:42:46,171 INFO  [JavaFX Application Thread] Expiry date: '01/09/2017'
2018-01-09 22:42:51,523 INFO  [JavaFX Application Thread] Open file: 'D:\tempJava\TempXLS.xml'
2018-01-09 22:43:11,683 INFO  [JavaFX Application Thread] Sync with: 
GoogleAPIProject{userName='', projectName='Synchron', pathToJson='P:\Java\FX\SynchrOn\target\jfx\app\client_secret.json'}
2018-01-09 22:43:14,452 INFO  [JavaFX Application Thread] Sync GoogleDoc{name=StringProperty [value: Google test], exportDir=StringProperty [value: D:\], status=StringProperty [value: On], exportType=StringProperty [value: XLSX], period=IntegerProperty [value: 1], nextSyncDate=ObjectProperty [value: 2018-01-09T22:45:02], lastSyncDate=ObjectProperty [value: 2018-01-09T22:43:14.450], exportResult=StringProperty [value: SUCCESS], docId=StringProperty [value: 1BxiMVs0XRA5nFMdKvBdBZjgmUUqptlbs74OgvE2upms]} success
2018-01-09 22:43:21,552 INFO  [JavaFX Application Thread] Sync start Tue Jan 09 22:43:21 EET 2018 :
2018-01-09 22:43:21,553 INFO  [JavaFX Application Thread] Sync with: 
GoogleAPIProject{userName='', projectName='Synchron', pathToJson='P:\Java\FX\SynchrOn\target\jfx\app\client_secret.json'}
2018-01-09 22:43:22,362 INFO  [JavaFX Application Thread] Sync GoogleDoc{name=StringProperty [value: Employee], exportDir=StringProperty [value: D:\tempJava], status=StringProperty [value: On], exportType=StringProperty [value: CSV], period=IntegerProperty [value: 5], nextSyncDate=ObjectProperty [value: 2018-01-09T21:44], lastSyncDate=ObjectProperty [value: 2018-01-09T22:43:22.361], exportResult=StringProperty [value: SUCCESS], docId=StringProperty [value: 1QgSCimAbg90mW4YJqAhr1ms0CAT1wI3pZqHPoiBqUDQ]} success
2018-01-09 22:43:30,320 INFO  [main] Close
